2025-11-26 10:14:19,880 - utils.schedular - INFO - ==================================================
2025-11-26 10:14:19,880 - utils.schedular - INFO - ðŸ“… SCHEDULER SOZLANMOQDA...
2025-11-26 10:14:19,880 - utils.schedular - INFO - ==================================================
2025-11-26 10:14:19,882 - apscheduler.scheduler - INFO - Adding job tentatively -- it will be properly scheduled when the scheduler starts
2025-11-26 10:14:19,882 - utils.schedular - INFO - âœ… Scheduler qo'shildi: 11:00 (har kuni)
2025-11-26 10:14:19,882 - apscheduler.scheduler - INFO - Adding job tentatively -- it will be properly scheduled when the scheduler starts
2025-11-26 10:14:19,882 - utils.schedular - INFO - âœ… Scheduler qo'shildi: 15:00 (har kuni)
2025-11-26 10:14:19,882 - apscheduler.scheduler - INFO - Adding job tentatively -- it will be properly scheduled when the scheduler starts
2025-11-26 10:14:19,882 - utils.schedular - INFO - âœ… Scheduler qo'shildi: 20:00 (har kuni)
2025-11-26 10:14:19,882 - utils.schedular - INFO - ==================================================
2025-11-26 10:14:19,882 - utils.schedular - INFO - ðŸ“Š Jami 3 ta avtomatik post sozlandi
2025-11-26 10:14:19,882 - utils.schedular - INFO - ðŸ“¦ Har bir post: 3 ta random tovar
2025-11-26 10:14:19,882 - utils.schedular - INFO - ==================================================
2025-11-26 10:14:19,883 - apscheduler.scheduler - INFO - Added job "Avtomatik post - 11:00" to job store "default"
2025-11-26 10:14:19,883 - apscheduler.scheduler - INFO - Added job "Avtomatik post - 15:00" to job store "default"
2025-11-26 10:14:19,883 - apscheduler.scheduler - INFO - Added job "Avtomatik post - 20:00" to job store "default"
2025-11-26 10:14:19,883 - apscheduler.scheduler - INFO - Scheduler started
2025-11-26 10:14:19,883 - __main__ - INFO - Scheduler ishga tushdi
2025-11-26 10:14:19,883 - __main__ - INFO - Polling boshlandi...
2025-11-26 10:14:19,884 - __main__ - INFO - Bot ishga tushmoqda...
2025-11-26 10:14:20,610 - __main__ - ERROR - Adminga xabar yuborishda xatolik: Telegram server says - Bad Request: chat not found
2025-11-26 10:14:20,610 - __main__ - INFO - Bot muvaffaqiyatli ishga tushdi!
2025-11-26 10:14:20,610 - aiogram.dispatcher - INFO - Start polling
2025-11-26 10:14:20,718 - aiogram.dispatcher - INFO - Run polling for bot @r9_toq_bot id=8281565704 - 'R9Bot'
2025-11-26 10:14:21,366 - aiogram.event - INFO - Update id=291028443 is handled. Duration 436 ms by bot id=8281565704
2025-11-26 10:14:28,405 - aiogram.event - INFO - Update id=291028444 is handled. Duration 202 ms by bot id=8281565704
2025-11-26 10:14:33,652 - aiogram.event - INFO - Update id=291028445 is handled. Duration 218 ms by bot id=8281565704
2025-11-26 10:14:36,101 - aiogram.event - INFO - Update id=291028446 is handled. Duration 421 ms by bot id=8281565704
2025-11-26 10:14:37,415 - aiogram.event - INFO - Update id=291028447 is not handled. Duration 592 ms by bot id=8281565704
2025-11-26 10:14:37,416 - aiogram.event - ERROR - Cause exception while process update id=291028447 by bot id=8281565704
TelegramBadRequest: Telegram server says - Bad Request: message to edit not found
Traceback (most recent call last):
  File "C:\Users\Asus\Desktop\tg shop\ShopBot\handlers\user\catalog.py", line 151, in show_product_detail
    await callback.bot.send_photo(
  File "C:\Users\Asus\PycharmProjects\telegram_shop_bot\.venv\lib\site-packages\aiogram\client\bot.py", line 3001, in send_photo
    return await self(call, request_timeout=request_timeout)
  File "C:\Users\Asus\PycharmProjects\telegram_shop_bot\.venv\lib\site-packages\aiogram\client\bot.py", line 485, in __call__
    return await self.session(self, method, timeout=request_timeout)
  File "C:\Users\Asus\PycharmProjects\telegram_shop_bot\.venv\lib\site-packages\aiogram\client\session\base.py", line 254, in __call__
    return cast(TelegramType, await middleware(bot, method))
  File "C:\Users\Asus\PycharmProjects\telegram_shop_bot\.venv\lib\site-packages\aiogram\client\session\aiohttp.py", line 185, in make_request
    response = self.check_response(
  File "C:\Users\Asus\PycharmProjects\telegram_shop_bot\.venv\lib\site-packages\aiogram\client\session\base.py", line 120, in check_response
    raise TelegramBadRequest(method=method, message=description)
aiogram.exceptions.TelegramBadRequest: Telegram server says - Bad Request: wrong file identifier/HTTP URL specified

During handling of the above exception, another exception occurred:

Traceback (most recent call last):
  File "C:\Users\Asus\PycharmProjects\telegram_shop_bot\.venv\lib\site-packages\aiogram\dispatcher\dispatcher.py", line 309, in _process_update
    response = await self.feed_update(bot, update, **kwargs)
  File "C:\Users\Asus\PycharmProjects\telegram_shop_bot\.venv\lib\site-packages\aiogram\dispatcher\dispatcher.py", line 158, in feed_update
    response = await self.update.wrap_outer_middleware(
  File "C:\Users\Asus\PycharmProjects\telegram_shop_bot\.venv\lib\site-packages\aiogram\dispatcher\middlewares\error.py", line 25, in __call__
    return await handler(event, data)
  File "C:\Users\Asus\PycharmProjects\telegram_shop_bot\.venv\lib\site-packages\aiogram\dispatcher\middlewares\user_context.py", line 56, in __call__
    return await handler(event, data)
  File "C:\Users\Asus\PycharmProjects\telegram_shop_bot\.venv\lib\site-packages\aiogram\fsm\middleware.py", line 42, in __call__
    return await handler(event, data)
  File "C:\Users\Asus\PycharmProjects\telegram_shop_bot\.venv\lib\site-packages\aiogram\dispatcher\event\telegram.py", line 121, in trigger
    return await wrapped_inner(event, kwargs)
  File "C:\Users\Asus\PycharmProjects\telegram_shop_bot\.venv\lib\site-packages\aiogram\dispatcher\event\handler.py", line 43, in call
    return await wrapped()
  File "C:\Users\Asus\PycharmProjects\telegram_shop_bot\.venv\lib\site-packages\aiogram\dispatcher\dispatcher.py", line 276, in _listen_update
    return await self.propagate_event(update_type=update_type, event=event, **kwargs)
  File "C:\Users\Asus\PycharmProjects\telegram_shop_bot\.venv\lib\site-packages\aiogram\dispatcher\router.py", line 146, in propagate_event
    return await observer.wrap_outer_middleware(_wrapped, event=event, data=kwargs)
  File "C:\Users\Asus\PycharmProjects\telegram_shop_bot\.venv\lib\site-packages\aiogram\dispatcher\router.py", line 141, in _wrapped
    return await self._propagate_event(
  File "C:\Users\Asus\PycharmProjects\telegram_shop_bot\.venv\lib\site-packages\aiogram\dispatcher\router.py", line 174, in _propagate_event
    response = await router.propagate_event(update_type=update_type, event=event, **kwargs)
  File "C:\Users\Asus\PycharmProjects\telegram_shop_bot\.venv\lib\site-packages\aiogram\dispatcher\router.py", line 146, in propagate_event
    return await observer.wrap_outer_middleware(_wrapped, event=event, data=kwargs)
  File "C:\Users\Asus\PycharmProjects\telegram_shop_bot\.venv\lib\site-packages\aiogram\dispatcher\router.py", line 141, in _wrapped
    return await self._propagate_event(
  File "C:\Users\Asus\PycharmProjects\telegram_shop_bot\.venv\lib\site-packages\aiogram\dispatcher\router.py", line 166, in _propagate_event
    response = await observer.trigger(event, **kwargs)
  File "C:\Users\Asus\PycharmProjects\telegram_shop_bot\.venv\lib\site-packages\aiogram\dispatcher\event\telegram.py", line 121, in trigger
    return await wrapped_inner(event, kwargs)
  File "C:\Users\Asus\Desktop\tg shop\ShopBot\middlewares\admin_check.py", line 122, in __call__
    return await handler(event, data)
  File "C:\Users\Asus\PycharmProjects\telegram_shop_bot\.venv\lib\site-packages\aiogram\dispatcher\event\handler.py", line 43, in call
    return await wrapped()
  File "C:\Users\Asus\Desktop\tg shop\ShopBot\handlers\user\catalog.py", line 163, in show_product_detail
    await callback.message.edit_text(
  File "C:\Users\Asus\PycharmProjects\telegram_shop_bot\.venv\lib\site-packages\aiogram\methods\base.py", line 84, in emit
    return await bot(self)
  File "C:\Users\Asus\PycharmProjects\telegram_shop_bot\.venv\lib\site-packages\aiogram\client\bot.py", line 485, in __call__
    return await self.session(self, method, timeout=request_timeout)
  File "C:\Users\Asus\PycharmProjects\telegram_shop_bot\.venv\lib\site-packages\aiogram\client\session\base.py", line 254, in __call__
    return cast(TelegramType, await middleware(bot, method))
  File "C:\Users\Asus\PycharmProjects\telegram_shop_bot\.venv\lib\site-packages\aiogram\client\session\aiohttp.py", line 185, in make_request
    response = self.check_response(
  File "C:\Users\Asus\PycharmProjects\telegram_shop_bot\.venv\lib\site-packages\aiogram\client\session\base.py", line 120, in check_response
    raise TelegramBadRequest(method=method, message=description)
aiogram.exceptions.TelegramBadRequest: Telegram server says - Bad Request: message to edit not found
2025-11-26 10:14:47,760 - aiogram.event - INFO - Update id=291028448 is handled. Duration 202 ms by bot id=8281565704
2025-11-26 10:14:49,805 - aiogram.event - INFO - Update id=291028449 is handled. Duration 500 ms by bot id=8281565704
2025-11-26 10:14:51,229 - aiogram.event - INFO - Update id=291028450 is not handled. Duration 405 ms by bot id=8281565704
2025-11-26 10:14:51,229 - aiogram.event - ERROR - Cause exception while process update id=291028450 by bot id=8281565704
TelegramBadRequest: Telegram server says - Bad Request: message to edit not found
Traceback (most recent call last):
  File "C:\Users\Asus\Desktop\tg shop\ShopBot\handlers\user\catalog.py", line 151, in show_product_detail
    await callback.bot.send_photo(
  File "C:\Users\Asus\PycharmProjects\telegram_shop_bot\.venv\lib\site-packages\aiogram\client\bot.py", line 3001, in send_photo
    return await self(call, request_timeout=request_timeout)
  File "C:\Users\Asus\PycharmProjects\telegram_shop_bot\.venv\lib\site-packages\aiogram\client\bot.py", line 485, in __call__
    return await self.session(self, method, timeout=request_timeout)
  File "C:\Users\Asus\PycharmProjects\telegram_shop_bot\.venv\lib\site-packages\aiogram\client\session\base.py", line 254, in __call__
    return cast(TelegramType, await middleware(bot, method))
  File "C:\Users\Asus\PycharmProjects\telegram_shop_bot\.venv\lib\site-packages\aiogram\client\session\aiohttp.py", line 185, in make_request
    response = self.check_response(
  File "C:\Users\Asus\PycharmProjects\telegram_shop_bot\.venv\lib\site-packages\aiogram\client\session\base.py", line 120, in check_response
    raise TelegramBadRequest(method=method, message=description)
aiogram.exceptions.TelegramBadRequest: Telegram server says - Bad Request: wrong file identifier/HTTP URL specified

During handling of the above exception, another exception occurred:

Traceback (most recent call last):
  File "C:\Users\Asus\PycharmProjects\telegram_shop_bot\.venv\lib\site-packages\aiogram\dispatcher\dispatcher.py", line 309, in _process_update
    response = await self.feed_update(bot, update, **kwargs)
  File "C:\Users\Asus\PycharmProjects\telegram_shop_bot\.venv\lib\site-packages\aiogram\dispatcher\dispatcher.py", line 158, in feed_update
    response = await self.update.wrap_outer_middleware(
  File "C:\Users\Asus\PycharmProjects\telegram_shop_bot\.venv\lib\site-packages\aiogram\dispatcher\middlewares\error.py", line 25, in __call__
    return await handler(event, data)
  File "C:\Users\Asus\PycharmProjects\telegram_shop_bot\.venv\lib\site-packages\aiogram\dispatcher\middlewares\user_context.py", line 56, in __call__
    return await handler(event, data)
  File "C:\Users\Asus\PycharmProjects\telegram_shop_bot\.venv\lib\site-packages\aiogram\fsm\middleware.py", line 42, in __call__
    return await handler(event, data)
  File "C:\Users\Asus\PycharmProjects\telegram_shop_bot\.venv\lib\site-packages\aiogram\dispatcher\event\telegram.py", line 121, in trigger
    return await wrapped_inner(event, kwargs)
  File "C:\Users\Asus\PycharmProjects\telegram_shop_bot\.venv\lib\site-packages\aiogram\dispatcher\event\handler.py", line 43, in call
    return await wrapped()
  File "C:\Users\Asus\PycharmProjects\telegram_shop_bot\.venv\lib\site-packages\aiogram\dispatcher\dispatcher.py", line 276, in _listen_update
    return await self.propagate_event(update_type=update_type, event=event, **kwargs)
  File "C:\Users\Asus\PycharmProjects\telegram_shop_bot\.venv\lib\site-packages\aiogram\dispatcher\router.py", line 146, in propagate_event
    return await observer.wrap_outer_middleware(_wrapped, event=event, data=kwargs)
  File "C:\Users\Asus\PycharmProjects\telegram_shop_bot\.venv\lib\site-packages\aiogram\dispatcher\router.py", line 141, in _wrapped
    return await self._propagate_event(
  File "C:\Users\Asus\PycharmProjects\telegram_shop_bot\.venv\lib\site-packages\aiogram\dispatcher\router.py", line 174, in _propagate_event
    response = await router.propagate_event(update_type=update_type, event=event, **kwargs)
  File "C:\Users\Asus\PycharmProjects\telegram_shop_bot\.venv\lib\site-packages\aiogram\dispatcher\router.py", line 146, in propagate_event
    return await observer.wrap_outer_middleware(_wrapped, event=event, data=kwargs)
  File "C:\Users\Asus\PycharmProjects\telegram_shop_bot\.venv\lib\site-packages\aiogram\dispatcher\router.py", line 141, in _wrapped
    return await self._propagate_event(
  File "C:\Users\Asus\PycharmProjects\telegram_shop_bot\.venv\lib\site-packages\aiogram\dispatcher\router.py", line 166, in _propagate_event
    response = await observer.trigger(event, **kwargs)
  File "C:\Users\Asus\PycharmProjects\telegram_shop_bot\.venv\lib\site-packages\aiogram\dispatcher\event\telegram.py", line 121, in trigger
    return await wrapped_inner(event, kwargs)
  File "C:\Users\Asus\Desktop\tg shop\ShopBot\middlewares\admin_check.py", line 122, in __call__
    return await handler(event, data)
  File "C:\Users\Asus\PycharmProjects\telegram_shop_bot\.venv\lib\site-packages\aiogram\dispatcher\event\handler.py", line 43, in call
    return await wrapped()
  File "C:\Users\Asus\Desktop\tg shop\ShopBot\handlers\user\catalog.py", line 163, in show_product_detail
    await callback.message.edit_text(
  File "C:\Users\Asus\PycharmProjects\telegram_shop_bot\.venv\lib\site-packages\aiogram\methods\base.py", line 84, in emit
    return await bot(self)
  File "C:\Users\Asus\PycharmProjects\telegram_shop_bot\.venv\lib\site-packages\aiogram\client\bot.py", line 485, in __call__
    return await self.session(self, method, timeout=request_timeout)
  File "C:\Users\Asus\PycharmProjects\telegram_shop_bot\.venv\lib\site-packages\aiogram\client\session\base.py", line 254, in __call__
    return cast(TelegramType, await middleware(bot, method))
  File "C:\Users\Asus\PycharmProjects\telegram_shop_bot\.venv\lib\site-packages\aiogram\client\session\aiohttp.py", line 185, in make_request
    response = self.check_response(
  File "C:\Users\Asus\PycharmProjects\telegram_shop_bot\.venv\lib\site-packages\aiogram\client\session\base.py", line 120, in check_response
    raise TelegramBadRequest(method=method, message=description)
aiogram.exceptions.TelegramBadRequest: Telegram server says - Bad Request: message to edit not found
2025-11-26 10:14:55,137 - aiogram.event - INFO - Update id=291028451 is handled. Duration 156 ms by bot id=8281565704
2025-11-26 10:14:58,002 - aiogram.event - INFO - Update id=291028452 is handled. Duration 186 ms by bot id=8281565704
2025-11-26 10:15:02,785 - aiogram.event - INFO - Update id=291028453 is handled. Duration 202 ms by bot id=8281565704
2025-11-26 10:15:05,582 - aiogram.event - INFO - Update id=291028454 is handled. Duration 202 ms by bot id=8281565704
2025-11-26 10:15:10,585 - aiogram.event - INFO - Update id=291028455 is handled. Duration 594 ms by bot id=8281565704
2025-11-26 10:15:12,464 - aiogram.event - INFO - Update id=291028456 is handled. Duration 140 ms by bot id=8281565704
2025-11-26 10:15:14,249 - aiogram.event - INFO - Update id=291028457 is handled. Duration 375 ms by bot id=8281565704
2025-11-26 10:15:18,274 - aiogram.event - INFO - Update id=291028458 is handled. Duration 202 ms by bot id=8281565704
2025-11-26 10:15:21,972 - aiogram.event - INFO - Update id=291028459 is handled. Duration 187 ms by bot id=8281565704
2025-11-26 10:15:26,673 - aiogram.event - INFO - Update id=291028460 is handled. Duration 187 ms by bot id=8281565704
2025-11-26 10:15:29,129 - aiogram.event - INFO - Update id=291028461 is handled. Duration 202 ms by bot id=8281565704
2025-11-26 10:15:30,858 - aiogram.event - INFO - Update id=291028462 is handled. Duration 202 ms by bot id=8281565704
2025-11-26 10:15:32,600 - aiogram.event - INFO - Update id=291028463 is handled. Duration 312 ms by bot id=8281565704
2025-11-26 10:15:47,885 - database.json_db - INFO - âœ… Tovar qo'shildi: adasd (ID: 2)
2025-11-26 10:15:48,381 - aiogram.event - INFO - Update id=291028464 is handled. Duration 516 ms by bot id=8281565704
2025-11-26 10:15:53,329 - aiogram.event - INFO - Update id=291028465 is handled. Duration 329 ms by bot id=8281565704
2025-11-26 10:15:55,214 - aiogram.event - INFO - Update id=291028466 is not handled. Duration 375 ms by bot id=8281565704
2025-11-26 10:15:55,215 - aiogram.event - ERROR - Cause exception while process update id=291028466 by bot id=8281565704
TelegramBadRequest: Telegram server says - Bad Request: message to edit not found
Traceback (most recent call last):
  File "C:\Users\Asus\Desktop\tg shop\ShopBot\handlers\admin\products.py", line 253, in show_product_detail
    await callback.bot.send_photo(
  File "C:\Users\Asus\PycharmProjects\telegram_shop_bot\.venv\lib\site-packages\aiogram\client\bot.py", line 3001, in send_photo
    return await self(call, request_timeout=request_timeout)
  File "C:\Users\Asus\PycharmProjects\telegram_shop_bot\.venv\lib\site-packages\aiogram\client\bot.py", line 485, in __call__
    return await self.session(self, method, timeout=request_timeout)
  File "C:\Users\Asus\PycharmProjects\telegram_shop_bot\.venv\lib\site-packages\aiogram\client\session\base.py", line 254, in __call__
    return cast(TelegramType, await middleware(bot, method))
  File "C:\Users\Asus\PycharmProjects\telegram_shop_bot\.venv\lib\site-packages\aiogram\client\session\aiohttp.py", line 185, in make_request
    response = self.check_response(
  File "C:\Users\Asus\PycharmProjects\telegram_shop_bot\.venv\lib\site-packages\aiogram\client\session\base.py", line 120, in check_response
    raise TelegramBadRequest(method=method, message=description)
aiogram.exceptions.TelegramBadRequest: Telegram server says - Bad Request: wrong file identifier/HTTP URL specified

During handling of the above exception, another exception occurred:

Traceback (most recent call last):
  File "C:\Users\Asus\PycharmProjects\telegram_shop_bot\.venv\lib\site-packages\aiogram\dispatcher\dispatcher.py", line 309, in _process_update
    response = await self.feed_update(bot, update, **kwargs)
  File "C:\Users\Asus\PycharmProjects\telegram_shop_bot\.venv\lib\site-packages\aiogram\dispatcher\dispatcher.py", line 158, in feed_update
    response = await self.update.wrap_outer_middleware(
  File "C:\Users\Asus\PycharmProjects\telegram_shop_bot\.venv\lib\site-packages\aiogram\dispatcher\middlewares\error.py", line 25, in __call__
    return await handler(event, data)
  File "C:\Users\Asus\PycharmProjects\telegram_shop_bot\.venv\lib\site-packages\aiogram\dispatcher\middlewares\user_context.py", line 56, in __call__
    return await handler(event, data)
  File "C:\Users\Asus\PycharmProjects\telegram_shop_bot\.venv\lib\site-packages\aiogram\fsm\middleware.py", line 42, in __call__
    return await handler(event, data)
  File "C:\Users\Asus\PycharmProjects\telegram_shop_bot\.venv\lib\site-packages\aiogram\dispatcher\event\telegram.py", line 121, in trigger
    return await wrapped_inner(event, kwargs)
  File "C:\Users\Asus\PycharmProjects\telegram_shop_bot\.venv\lib\site-packages\aiogram\dispatcher\event\handler.py", line 43, in call
    return await wrapped()
  File "C:\Users\Asus\PycharmProjects\telegram_shop_bot\.venv\lib\site-packages\aiogram\dispatcher\dispatcher.py", line 276, in _listen_update
    return await self.propagate_event(update_type=update_type, event=event, **kwargs)
  File "C:\Users\Asus\PycharmProjects\telegram_shop_bot\.venv\lib\site-packages\aiogram\dispatcher\router.py", line 146, in propagate_event
    return await observer.wrap_outer_middleware(_wrapped, event=event, data=kwargs)
  File "C:\Users\Asus\PycharmProjects\telegram_shop_bot\.venv\lib\site-packages\aiogram\dispatcher\router.py", line 141, in _wrapped
    return await self._propagate_event(
  File "C:\Users\Asus\PycharmProjects\telegram_shop_bot\.venv\lib\site-packages\aiogram\dispatcher\router.py", line 174, in _propagate_event
    response = await router.propagate_event(update_type=update_type, event=event, **kwargs)
  File "C:\Users\Asus\PycharmProjects\telegram_shop_bot\.venv\lib\site-packages\aiogram\dispatcher\router.py", line 146, in propagate_event
    return await observer.wrap_outer_middleware(_wrapped, event=event, data=kwargs)
  File "C:\Users\Asus\PycharmProjects\telegram_shop_bot\.venv\lib\site-packages\aiogram\dispatcher\router.py", line 141, in _wrapped
    return await self._propagate_event(
  File "C:\Users\Asus\PycharmProjects\telegram_shop_bot\.venv\lib\site-packages\aiogram\dispatcher\router.py", line 166, in _propagate_event
    response = await observer.trigger(event, **kwargs)
  File "C:\Users\Asus\PycharmProjects\telegram_shop_bot\.venv\lib\site-packages\aiogram\dispatcher\event\telegram.py", line 121, in trigger
    return await wrapped_inner(event, kwargs)
  File "C:\Users\Asus\Desktop\tg shop\ShopBot\middlewares\admin_check.py", line 122, in __call__
    return await handler(event, data)
  File "C:\Users\Asus\PycharmProjects\telegram_shop_bot\.venv\lib\site-packages\aiogram\dispatcher\event\handler.py", line 43, in call
    return await wrapped()
  File "C:\Users\Asus\Desktop\tg shop\ShopBot\handlers\admin\products.py", line 260, in show_product_detail
    await callback.message.edit_text(
  File "C:\Users\Asus\PycharmProjects\telegram_shop_bot\.venv\lib\site-packages\aiogram\methods\base.py", line 84, in emit
    return await bot(self)
  File "C:\Users\Asus\PycharmProjects\telegram_shop_bot\.venv\lib\site-packages\aiogram\client\bot.py", line 485, in __call__
    return await self.session(self, method, timeout=request_timeout)
  File "C:\Users\Asus\PycharmProjects\telegram_shop_bot\.venv\lib\site-packages\aiogram\client\session\base.py", line 254, in __call__
    return cast(TelegramType, await middleware(bot, method))
  File "C:\Users\Asus\PycharmProjects\telegram_shop_bot\.venv\lib\site-packages\aiogram\client\session\aiohttp.py", line 185, in make_request
    response = self.check_response(
  File "C:\Users\Asus\PycharmProjects\telegram_shop_bot\.venv\lib\site-packages\aiogram\client\session\base.py", line 120, in check_response
    raise TelegramBadRequest(method=method, message=description)
aiogram.exceptions.TelegramBadRequest: Telegram server says - Bad Request: message to edit not found
2025-11-26 10:30:26,181 - aiogram.dispatcher - INFO - Polling stopped
2025-11-26 10:30:26,182 - __main__ - INFO - Bot to'xtatilmoqda...
2025-11-26 10:30:26,183 - aiogram.dispatcher - INFO - Polling stopped for bot @r9_toq_bot id=8281565704 - 'R9Bot'
2025-11-26 10:30:26,771 - __main__ - ERROR - Adminga xabar yuborishda xatolik: Telegram server says - Bad Request: chat not found
2025-11-26 10:30:26,773 - __main__ - INFO - Bot to'xtatildi
2025-11-26 10:30:27,049 - apscheduler.scheduler - INFO - Scheduler has been shut down
2025-11-26 10:30:27,050 - __main__ - INFO - Bot to'xtatildi (KeyboardInterrupt)
2025-11-26 10:30:42,634 - utils.schedular - INFO - ==================================================
2025-11-26 10:30:42,634 - utils.schedular - INFO - ðŸ“… SCHEDULER SOZLANMOQDA...
2025-11-26 10:30:42,634 - utils.schedular - INFO - ==================================================
2025-11-26 10:30:42,634 - apscheduler.scheduler - INFO - Adding job tentatively -- it will be properly scheduled when the scheduler starts
2025-11-26 10:30:42,634 - utils.schedular - INFO - âœ… Scheduler qo'shildi: 11:00 (har kuni)
2025-11-26 10:30:42,634 - apscheduler.scheduler - INFO - Adding job tentatively -- it will be properly scheduled when the scheduler starts
2025-11-26 10:30:42,634 - utils.schedular - INFO - âœ… Scheduler qo'shildi: 15:00 (har kuni)
2025-11-26 10:30:42,635 - apscheduler.scheduler - INFO - Adding job tentatively -- it will be properly scheduled when the scheduler starts
2025-11-26 10:30:42,635 - utils.schedular - INFO - âœ… Scheduler qo'shildi: 20:00 (har kuni)
2025-11-26 10:30:42,635 - utils.schedular - INFO - ==================================================
2025-11-26 10:30:42,635 - utils.schedular - INFO - ðŸ“Š Jami 3 ta avtomatik post sozlandi
2025-11-26 10:30:42,635 - utils.schedular - INFO - ðŸ“¦ Har bir post: 3 ta random tovar
2025-11-26 10:30:42,635 - utils.schedular - INFO - ==================================================
2025-11-26 10:30:42,636 - apscheduler.scheduler - INFO - Added job "Avtomatik post - 11:00" to job store "default"
2025-11-26 10:30:42,636 - apscheduler.scheduler - INFO - Added job "Avtomatik post - 15:00" to job store "default"
2025-11-26 10:30:42,636 - apscheduler.scheduler - INFO - Added job "Avtomatik post - 20:00" to job store "default"
2025-11-26 10:30:42,636 - apscheduler.scheduler - INFO - Scheduler started
2025-11-26 10:30:42,636 - __main__ - INFO - Scheduler ishga tushdi
2025-11-26 10:30:42,636 - __main__ - INFO - Polling boshlandi...
2025-11-26 10:30:42,636 - __main__ - INFO - Bot ishga tushmoqda...
2025-11-26 10:30:43,263 - __main__ - ERROR - Adminga xabar yuborishda xatolik: Telegram server says - Bad Request: chat not found
2025-11-26 10:30:43,264 - __main__ - INFO - Bot muvaffaqiyatli ishga tushdi!
2025-11-26 10:30:43,264 - aiogram.dispatcher - INFO - Start polling
2025-11-26 10:30:43,375 - aiogram.dispatcher - INFO - Run polling for bot @r9_toq_bot id=8281565704 - 'R9Bot'
2025-11-26 10:30:52,002 - aiogram.event - INFO - Update id=291028467 is handled. Duration 467 ms by bot id=8281565704
2025-11-26 10:30:54,171 - aiogram.event - INFO - Update id=291028468 is handled. Duration 140 ms by bot id=8281565704
2025-11-26 10:31:02,415 - aiogram.event - INFO - Update id=291028469 is handled. Duration 140 ms by bot id=8281565704
2025-11-26 10:31:04,002 - aiogram.event - INFO - Update id=291028470 is handled. Duration 155 ms by bot id=8281565704
2025-11-26 10:31:05,594 - aiogram.event - INFO - Update id=291028471 is handled. Duration 312 ms by bot id=8281565704
2025-11-26 10:31:07,246 - aiogram.event - INFO - Update id=291028472 is handled. Duration 125 ms by bot id=8281565704
2025-11-26 10:33:32,684 - aiogram.dispatcher - INFO - Polling stopped for bot @r9_toq_bot id=8281565704 - 'R9Bot'
2025-11-26 10:33:32,684 - aiogram.dispatcher - INFO - Polling stopped
2025-11-26 10:33:32,685 - __main__ - INFO - Bot to'xtatilmoqda...
2025-11-26 10:33:33,334 - __main__ - ERROR - Adminga xabar yuborishda xatolik: Telegram server says - Bad Request: chat not found
2025-11-26 10:33:33,334 - __main__ - INFO - Bot to'xtatildi
2025-11-26 10:33:33,613 - apscheduler.scheduler - INFO - Scheduler has been shut down
2025-11-26 10:33:33,614 - __main__ - INFO - Bot to'xtatildi (KeyboardInterrupt)
2025-11-26 10:34:29,927 - utils.schedular - INFO - ==================================================
2025-11-26 10:34:29,927 - utils.schedular - INFO - ðŸ“… SCHEDULER SOZLANMOQDA...
2025-11-26 10:34:29,927 - utils.schedular - INFO - ==================================================
2025-11-26 10:34:29,928 - apscheduler.scheduler - INFO - Adding job tentatively -- it will be properly scheduled when the scheduler starts
2025-11-26 10:34:29,928 - utils.schedular - INFO - âœ… Scheduler qo'shildi: 11:00 (har kuni)
2025-11-26 10:34:29,928 - apscheduler.scheduler - INFO - Adding job tentatively -- it will be properly scheduled when the scheduler starts
2025-11-26 10:34:29,928 - utils.schedular - INFO - âœ… Scheduler qo'shildi: 15:00 (har kuni)
2025-11-26 10:34:29,928 - apscheduler.scheduler - INFO - Adding job tentatively -- it will be properly scheduled when the scheduler starts
2025-11-26 10:34:29,928 - utils.schedular - INFO - âœ… Scheduler qo'shildi: 20:00 (har kuni)
2025-11-26 10:34:29,928 - utils.schedular - INFO - ==================================================
2025-11-26 10:34:29,928 - utils.schedular - INFO - ðŸ“Š Jami 3 ta avtomatik post sozlandi
2025-11-26 10:34:29,928 - utils.schedular - INFO - ðŸ“¦ Har bir post: 3 ta random tovar
2025-11-26 10:34:29,928 - utils.schedular - INFO - ==================================================
2025-11-26 10:34:29,929 - apscheduler.scheduler - INFO - Added job "Avtomatik post - 11:00" to job store "default"
2025-11-26 10:34:29,929 - apscheduler.scheduler - INFO - Added job "Avtomatik post - 15:00" to job store "default"
2025-11-26 10:34:29,929 - apscheduler.scheduler - INFO - Added job "Avtomatik post - 20:00" to job store "default"
2025-11-26 10:34:29,929 - apscheduler.scheduler - INFO - Scheduler started
2025-11-26 10:34:29,929 - __main__ - INFO - Scheduler ishga tushdi
2025-11-26 10:34:29,930 - __main__ - INFO - Polling boshlandi...
2025-11-26 10:34:29,930 - __main__ - INFO - Bot ishga tushmoqda...
2025-11-26 10:34:30,691 - __main__ - ERROR - Adminga xabar yuborishda xatolik: Telegram server says - Bad Request: chat not found
2025-11-26 10:34:30,691 - __main__ - INFO - Bot muvaffaqiyatli ishga tushdi!
2025-11-26 10:34:30,692 - aiogram.dispatcher - INFO - Start polling
2025-11-26 10:34:30,810 - aiogram.dispatcher - INFO - Run polling for bot @r9_toq_bot id=8281565704 - 'R9Bot'
2025-11-26 10:34:36,044 - aiogram.event - INFO - Update id=291028473 is handled. Duration 422 ms by bot id=8281565704
2025-11-26 10:34:38,240 - aiogram.event - INFO - Update id=291028474 is handled. Duration 375 ms by bot id=8281565704
2025-11-26 10:34:39,961 - aiogram.event - INFO - Update id=291028475 is not handled. Duration 405 ms by bot id=8281565704
2025-11-26 10:34:39,961 - aiogram.event - ERROR - Cause exception while process update id=291028475 by bot id=8281565704
TelegramBadRequest: Telegram server says - Bad Request: message to edit not found
Traceback (most recent call last):
  File "C:\Users\Asus\Desktop\tg shop\ShopBot\handlers\user\catalog.py", line 151, in show_product_detail
    await callback.bot.send_photo(
  File "C:\Users\Asus\PycharmProjects\telegram_shop_bot\.venv\lib\site-packages\aiogram\client\bot.py", line 3001, in send_photo
    return await self(call, request_timeout=request_timeout)
  File "C:\Users\Asus\PycharmProjects\telegram_shop_bot\.venv\lib\site-packages\aiogram\client\bot.py", line 485, in __call__
    return await self.session(self, method, timeout=request_timeout)
  File "C:\Users\Asus\PycharmProjects\telegram_shop_bot\.venv\lib\site-packages\aiogram\client\session\base.py", line 254, in __call__
    return cast(TelegramType, await middleware(bot, method))
  File "C:\Users\Asus\PycharmProjects\telegram_shop_bot\.venv\lib\site-packages\aiogram\client\session\aiohttp.py", line 185, in make_request
    response = self.check_response(
  File "C:\Users\Asus\PycharmProjects\telegram_shop_bot\.venv\lib\site-packages\aiogram\client\session\base.py", line 120, in check_response
    raise TelegramBadRequest(method=method, message=description)
aiogram.exceptions.TelegramBadRequest: Telegram server says - Bad Request: wrong file identifier/HTTP URL specified

During handling of the above exception, another exception occurred:

Traceback (most recent call last):
  File "C:\Users\Asus\PycharmProjects\telegram_shop_bot\.venv\lib\site-packages\aiogram\dispatcher\dispatcher.py", line 309, in _process_update
    response = await self.feed_update(bot, update, **kwargs)
  File "C:\Users\Asus\PycharmProjects\telegram_shop_bot\.venv\lib\site-packages\aiogram\dispatcher\dispatcher.py", line 158, in feed_update
    response = await self.update.wrap_outer_middleware(
  File "C:\Users\Asus\PycharmProjects\telegram_shop_bot\.venv\lib\site-packages\aiogram\dispatcher\middlewares\error.py", line 25, in __call__
    return await handler(event, data)
  File "C:\Users\Asus\PycharmProjects\telegram_shop_bot\.venv\lib\site-packages\aiogram\dispatcher\middlewares\user_context.py", line 56, in __call__
    return await handler(event, data)
  File "C:\Users\Asus\PycharmProjects\telegram_shop_bot\.venv\lib\site-packages\aiogram\fsm\middleware.py", line 42, in __call__
    return await handler(event, data)
  File "C:\Users\Asus\PycharmProjects\telegram_shop_bot\.venv\lib\site-packages\aiogram\dispatcher\event\telegram.py", line 121, in trigger
    return await wrapped_inner(event, kwargs)
  File "C:\Users\Asus\PycharmProjects\telegram_shop_bot\.venv\lib\site-packages\aiogram\dispatcher\event\handler.py", line 43, in call
    return await wrapped()
  File "C:\Users\Asus\PycharmProjects\telegram_shop_bot\.venv\lib\site-packages\aiogram\dispatcher\dispatcher.py", line 276, in _listen_update
    return await self.propagate_event(update_type=update_type, event=event, **kwargs)
  File "C:\Users\Asus\PycharmProjects\telegram_shop_bot\.venv\lib\site-packages\aiogram\dispatcher\router.py", line 146, in propagate_event
    return await observer.wrap_outer_middleware(_wrapped, event=event, data=kwargs)
  File "C:\Users\Asus\PycharmProjects\telegram_shop_bot\.venv\lib\site-packages\aiogram\dispatcher\router.py", line 141, in _wrapped
    return await self._propagate_event(
  File "C:\Users\Asus\PycharmProjects\telegram_shop_bot\.venv\lib\site-packages\aiogram\dispatcher\router.py", line 174, in _propagate_event
    response = await router.propagate_event(update_type=update_type, event=event, **kwargs)
  File "C:\Users\Asus\PycharmProjects\telegram_shop_bot\.venv\lib\site-packages\aiogram\dispatcher\router.py", line 146, in propagate_event
    return await observer.wrap_outer_middleware(_wrapped, event=event, data=kwargs)
  File "C:\Users\Asus\PycharmProjects\telegram_shop_bot\.venv\lib\site-packages\aiogram\dispatcher\router.py", line 141, in _wrapped
    return await self._propagate_event(
  File "C:\Users\Asus\PycharmProjects\telegram_shop_bot\.venv\lib\site-packages\aiogram\dispatcher\router.py", line 166, in _propagate_event
    response = await observer.trigger(event, **kwargs)
  File "C:\Users\Asus\PycharmProjects\telegram_shop_bot\.venv\lib\site-packages\aiogram\dispatcher\event\telegram.py", line 121, in trigger
    return await wrapped_inner(event, kwargs)
  File "C:\Users\Asus\Desktop\tg shop\ShopBot\middlewares\admin_check.py", line 122, in __call__
    return await handler(event, data)
  File "C:\Users\Asus\PycharmProjects\telegram_shop_bot\.venv\lib\site-packages\aiogram\dispatcher\event\handler.py", line 43, in call
    return await wrapped()
  File "C:\Users\Asus\Desktop\tg shop\ShopBot\handlers\user\catalog.py", line 163, in show_product_detail
    await callback.message.edit_text(
  File "C:\Users\Asus\PycharmProjects\telegram_shop_bot\.venv\lib\site-packages\aiogram\methods\base.py", line 84, in emit
    return await bot(self)
  File "C:\Users\Asus\PycharmProjects\telegram_shop_bot\.venv\lib\site-packages\aiogram\client\bot.py", line 485, in __call__
    return await self.session(self, method, timeout=request_timeout)
  File "C:\Users\Asus\PycharmProjects\telegram_shop_bot\.venv\lib\site-packages\aiogram\client\session\base.py", line 254, in __call__
    return cast(TelegramType, await middleware(bot, method))
  File "C:\Users\Asus\PycharmProjects\telegram_shop_bot\.venv\lib\site-packages\aiogram\client\session\aiohttp.py", line 185, in make_request
    response = self.check_response(
  File "C:\Users\Asus\PycharmProjects\telegram_shop_bot\.venv\lib\site-packages\aiogram\client\session\base.py", line 120, in check_response
    raise TelegramBadRequest(method=method, message=description)
aiogram.exceptions.TelegramBadRequest: Telegram server says - Bad Request: message to edit not found
2025-11-26 10:35:18,125 - aiogram.event - INFO - Update id=291028476 is handled. Duration 436 ms by bot id=8281565704
2025-11-26 10:35:24,273 - aiogram.event - INFO - Update id=291028477 is handled. Duration 140 ms by bot id=8281565704
2025-11-26 10:35:25,869 - aiogram.event - INFO - Update id=291028478 is handled. Duration 375 ms by bot id=8281565704
2025-11-26 10:35:28,656 - aiogram.event - INFO - Update id=291028479 is not handled. Duration 609 ms by bot id=8281565704
2025-11-26 10:35:28,656 - aiogram.event - ERROR - Cause exception while process update id=291028479 by bot id=8281565704
TelegramBadRequest: Telegram server says - Bad Request: message to edit not found
Traceback (most recent call last):
  File "C:\Users\Asus\Desktop\tg shop\ShopBot\handlers\user\catalog.py", line 151, in show_product_detail
    await callback.bot.send_photo(
  File "C:\Users\Asus\PycharmProjects\telegram_shop_bot\.venv\lib\site-packages\aiogram\client\bot.py", line 3001, in send_photo
    return await self(call, request_timeout=request_timeout)
  File "C:\Users\Asus\PycharmProjects\telegram_shop_bot\.venv\lib\site-packages\aiogram\client\bot.py", line 485, in __call__
    return await self.session(self, method, timeout=request_timeout)
  File "C:\Users\Asus\PycharmProjects\telegram_shop_bot\.venv\lib\site-packages\aiogram\client\session\base.py", line 254, in __call__
    return cast(TelegramType, await middleware(bot, method))
  File "C:\Users\Asus\PycharmProjects\telegram_shop_bot\.venv\lib\site-packages\aiogram\client\session\aiohttp.py", line 185, in make_request
    response = self.check_response(
  File "C:\Users\Asus\PycharmProjects\telegram_shop_bot\.venv\lib\site-packages\aiogram\client\session\base.py", line 120, in check_response
    raise TelegramBadRequest(method=method, message=description)
aiogram.exceptions.TelegramBadRequest: Telegram server says - Bad Request: wrong file identifier/HTTP URL specified

During handling of the above exception, another exception occurred:

Traceback (most recent call last):
  File "C:\Users\Asus\PycharmProjects\telegram_shop_bot\.venv\lib\site-packages\aiogram\dispatcher\dispatcher.py", line 309, in _process_update
    response = await self.feed_update(bot, update, **kwargs)
  File "C:\Users\Asus\PycharmProjects\telegram_shop_bot\.venv\lib\site-packages\aiogram\dispatcher\dispatcher.py", line 158, in feed_update
    response = await self.update.wrap_outer_middleware(
  File "C:\Users\Asus\PycharmProjects\telegram_shop_bot\.venv\lib\site-packages\aiogram\dispatcher\middlewares\error.py", line 25, in __call__
    return await handler(event, data)
  File "C:\Users\Asus\PycharmProjects\telegram_shop_bot\.venv\lib\site-packages\aiogram\dispatcher\middlewares\user_context.py", line 56, in __call__
    return await handler(event, data)
  File "C:\Users\Asus\PycharmProjects\telegram_shop_bot\.venv\lib\site-packages\aiogram\fsm\middleware.py", line 42, in __call__
    return await handler(event, data)
  File "C:\Users\Asus\PycharmProjects\telegram_shop_bot\.venv\lib\site-packages\aiogram\dispatcher\event\telegram.py", line 121, in trigger
    return await wrapped_inner(event, kwargs)
  File "C:\Users\Asus\PycharmProjects\telegram_shop_bot\.venv\lib\site-packages\aiogram\dispatcher\event\handler.py", line 43, in call
    return await wrapped()
  File "C:\Users\Asus\PycharmProjects\telegram_shop_bot\.venv\lib\site-packages\aiogram\dispatcher\dispatcher.py", line 276, in _listen_update
    return await self.propagate_event(update_type=update_type, event=event, **kwargs)
  File "C:\Users\Asus\PycharmProjects\telegram_shop_bot\.venv\lib\site-packages\aiogram\dispatcher\router.py", line 146, in propagate_event
    return await observer.wrap_outer_middleware(_wrapped, event=event, data=kwargs)
  File "C:\Users\Asus\PycharmProjects\telegram_shop_bot\.venv\lib\site-packages\aiogram\dispatcher\router.py", line 141, in _wrapped
    return await self._propagate_event(
  File "C:\Users\Asus\PycharmProjects\telegram_shop_bot\.venv\lib\site-packages\aiogram\dispatcher\router.py", line 174, in _propagate_event
    response = await router.propagate_event(update_type=update_type, event=event, **kwargs)
  File "C:\Users\Asus\PycharmProjects\telegram_shop_bot\.venv\lib\site-packages\aiogram\dispatcher\router.py", line 146, in propagate_event
    return await observer.wrap_outer_middleware(_wrapped, event=event, data=kwargs)
  File "C:\Users\Asus\PycharmProjects\telegram_shop_bot\.venv\lib\site-packages\aiogram\dispatcher\router.py", line 141, in _wrapped
    return await self._propagate_event(
  File "C:\Users\Asus\PycharmProjects\telegram_shop_bot\.venv\lib\site-packages\aiogram\dispatcher\router.py", line 166, in _propagate_event
    response = await observer.trigger(event, **kwargs)
  File "C:\Users\Asus\PycharmProjects\telegram_shop_bot\.venv\lib\site-packages\aiogram\dispatcher\event\telegram.py", line 121, in trigger
    return await wrapped_inner(event, kwargs)
  File "C:\Users\Asus\Desktop\tg shop\ShopBot\middlewares\admin_check.py", line 122, in __call__
    return await handler(event, data)
  File "C:\Users\Asus\PycharmProjects\telegram_shop_bot\.venv\lib\site-packages\aiogram\dispatcher\event\handler.py", line 43, in call
    return await wrapped()
  File "C:\Users\Asus\Desktop\tg shop\ShopBot\handlers\user\catalog.py", line 163, in show_product_detail
    await callback.message.edit_text(
  File "C:\Users\Asus\PycharmProjects\telegram_shop_bot\.venv\lib\site-packages\aiogram\methods\base.py", line 84, in emit
    return await bot(self)
  File "C:\Users\Asus\PycharmProjects\telegram_shop_bot\.venv\lib\site-packages\aiogram\client\bot.py", line 485, in __call__
    return await self.session(self, method, timeout=request_timeout)
  File "C:\Users\Asus\PycharmProjects\telegram_shop_bot\.venv\lib\site-packages\aiogram\client\session\base.py", line 254, in __call__
    return cast(TelegramType, await middleware(bot, method))
  File "C:\Users\Asus\PycharmProjects\telegram_shop_bot\.venv\lib\site-packages\aiogram\client\session\aiohttp.py", line 185, in make_request
    response = self.check_response(
  File "C:\Users\Asus\PycharmProjects\telegram_shop_bot\.venv\lib\site-packages\aiogram\client\session\base.py", line 120, in check_response
    raise TelegramBadRequest(method=method, message=description)
aiogram.exceptions.TelegramBadRequest: Telegram server says - Bad Request: message to edit not found
2025-11-26 10:35:40,730 - aiogram.event - INFO - Update id=291028480 is handled. Duration 202 ms by bot id=8281565704
2025-11-26 10:35:45,675 - aiogram.event - INFO - Update id=291028481 is handled. Duration 125 ms by bot id=8281565704
2025-11-26 10:35:47,508 - aiogram.event - INFO - Update id=291028482 is not handled. Duration 422 ms by bot id=8281565704
2025-11-26 10:35:47,508 - aiogram.event - ERROR - Cause exception while process update id=291028482 by bot id=8281565704
TelegramBadRequest: Telegram server says - Bad Request: message to edit not found
Traceback (most recent call last):
  File "C:\Users\Asus\Desktop\tg shop\ShopBot\handlers\admin\products.py", line 261, in show_product_detail
    await callback.bot.send_photo(
  File "C:\Users\Asus\PycharmProjects\telegram_shop_bot\.venv\lib\site-packages\aiogram\client\bot.py", line 3001, in send_photo
    return await self(call, request_timeout=request_timeout)
  File "C:\Users\Asus\PycharmProjects\telegram_shop_bot\.venv\lib\site-packages\aiogram\client\bot.py", line 485, in __call__
    return await self.session(self, method, timeout=request_timeout)
  File "C:\Users\Asus\PycharmProjects\telegram_shop_bot\.venv\lib\site-packages\aiogram\client\session\base.py", line 254, in __call__
    return cast(TelegramType, await middleware(bot, method))
  File "C:\Users\Asus\PycharmProjects\telegram_shop_bot\.venv\lib\site-packages\aiogram\client\session\aiohttp.py", line 185, in make_request
    response = self.check_response(
  File "C:\Users\Asus\PycharmProjects\telegram_shop_bot\.venv\lib\site-packages\aiogram\client\session\base.py", line 120, in check_response
    raise TelegramBadRequest(method=method, message=description)
aiogram.exceptions.TelegramBadRequest: Telegram server says - Bad Request: wrong file identifier/HTTP URL specified

During handling of the above exception, another exception occurred:

Traceback (most recent call last):
  File "C:\Users\Asus\PycharmProjects\telegram_shop_bot\.venv\lib\site-packages\aiogram\dispatcher\dispatcher.py", line 309, in _process_update
    response = await self.feed_update(bot, update, **kwargs)
  File "C:\Users\Asus\PycharmProjects\telegram_shop_bot\.venv\lib\site-packages\aiogram\dispatcher\dispatcher.py", line 158, in feed_update
    response = await self.update.wrap_outer_middleware(
  File "C:\Users\Asus\PycharmProjects\telegram_shop_bot\.venv\lib\site-packages\aiogram\dispatcher\middlewares\error.py", line 25, in __call__
    return await handler(event, data)
  File "C:\Users\Asus\PycharmProjects\telegram_shop_bot\.venv\lib\site-packages\aiogram\dispatcher\middlewares\user_context.py", line 56, in __call__
    return await handler(event, data)
  File "C:\Users\Asus\PycharmProjects\telegram_shop_bot\.venv\lib\site-packages\aiogram\fsm\middleware.py", line 42, in __call__
    return await handler(event, data)
  File "C:\Users\Asus\PycharmProjects\telegram_shop_bot\.venv\lib\site-packages\aiogram\dispatcher\event\telegram.py", line 121, in trigger
    return await wrapped_inner(event, kwargs)
  File "C:\Users\Asus\PycharmProjects\telegram_shop_bot\.venv\lib\site-packages\aiogram\dispatcher\event\handler.py", line 43, in call
    return await wrapped()
  File "C:\Users\Asus\PycharmProjects\telegram_shop_bot\.venv\lib\site-packages\aiogram\dispatcher\dispatcher.py", line 276, in _listen_update
    return await self.propagate_event(update_type=update_type, event=event, **kwargs)
  File "C:\Users\Asus\PycharmProjects\telegram_shop_bot\.venv\lib\site-packages\aiogram\dispatcher\router.py", line 146, in propagate_event
    return await observer.wrap_outer_middleware(_wrapped, event=event, data=kwargs)
  File "C:\Users\Asus\PycharmProjects\telegram_shop_bot\.venv\lib\site-packages\aiogram\dispatcher\router.py", line 141, in _wrapped
    return await self._propagate_event(
  File "C:\Users\Asus\PycharmProjects\telegram_shop_bot\.venv\lib\site-packages\aiogram\dispatcher\router.py", line 174, in _propagate_event
    response = await router.propagate_event(update_type=update_type, event=event, **kwargs)
  File "C:\Users\Asus\PycharmProjects\telegram_shop_bot\.venv\lib\site-packages\aiogram\dispatcher\router.py", line 146, in propagate_event
    return await observer.wrap_outer_middleware(_wrapped, event=event, data=kwargs)
  File "C:\Users\Asus\PycharmProjects\telegram_shop_bot\.venv\lib\site-packages\aiogram\dispatcher\router.py", line 141, in _wrapped
    return await self._propagate_event(
  File "C:\Users\Asus\PycharmProjects\telegram_shop_bot\.venv\lib\site-packages\aiogram\dispatcher\router.py", line 166, in _propagate_event
    response = await observer.trigger(event, **kwargs)
  File "C:\Users\Asus\PycharmProjects\telegram_shop_bot\.venv\lib\site-packages\aiogram\dispatcher\event\telegram.py", line 121, in trigger
    return await wrapped_inner(event, kwargs)
  File "C:\Users\Asus\Desktop\tg shop\ShopBot\middlewares\admin_check.py", line 122, in __call__
    return await handler(event, data)
  File "C:\Users\Asus\PycharmProjects\telegram_shop_bot\.venv\lib\site-packages\aiogram\dispatcher\event\handler.py", line 43, in call
    return await wrapped()
  File "C:\Users\Asus\Desktop\tg shop\ShopBot\handlers\admin\products.py", line 268, in show_product_detail
    await callback.message.edit_text(
  File "C:\Users\Asus\PycharmProjects\telegram_shop_bot\.venv\lib\site-packages\aiogram\methods\base.py", line 84, in emit
    return await bot(self)
  File "C:\Users\Asus\PycharmProjects\telegram_shop_bot\.venv\lib\site-packages\aiogram\client\bot.py", line 485, in __call__
    return await self.session(self, method, timeout=request_timeout)
  File "C:\Users\Asus\PycharmProjects\telegram_shop_bot\.venv\lib\site-packages\aiogram\client\session\base.py", line 254, in __call__
    return cast(TelegramType, await middleware(bot, method))
  File "C:\Users\Asus\PycharmProjects\telegram_shop_bot\.venv\lib\site-packages\aiogram\client\session\aiohttp.py", line 185, in make_request
    response = self.check_response(
  File "C:\Users\Asus\PycharmProjects\telegram_shop_bot\.venv\lib\site-packages\aiogram\client\session\base.py", line 120, in check_response
    raise TelegramBadRequest(method=method, message=description)
aiogram.exceptions.TelegramBadRequest: Telegram server says - Bad Request: message to edit not found
2025-11-26 10:35:59,469 - aiogram.event - INFO - Update id=291028483 is handled. Duration 187 ms by bot id=8281565704
2025-11-26 10:36:01,312 - aiogram.event - INFO - Update id=291028484 is not handled. Duration 500 ms by bot id=8281565704
2025-11-26 10:36:01,312 - aiogram.event - ERROR - Cause exception while process update id=291028484 by bot id=8281565704
TelegramBadRequest: Telegram server says - Bad Request: message to edit not found
Traceback (most recent call last):
  File "C:\Users\Asus\Desktop\tg shop\ShopBot\handlers\admin\products.py", line 261, in show_product_detail
    await callback.bot.send_photo(
  File "C:\Users\Asus\PycharmProjects\telegram_shop_bot\.venv\lib\site-packages\aiogram\client\bot.py", line 3001, in send_photo
    return await self(call, request_timeout=request_timeout)
  File "C:\Users\Asus\PycharmProjects\telegram_shop_bot\.venv\lib\site-packages\aiogram\client\bot.py", line 485, in __call__
    return await self.session(self, method, timeout=request_timeout)
  File "C:\Users\Asus\PycharmProjects\telegram_shop_bot\.venv\lib\site-packages\aiogram\client\session\base.py", line 254, in __call__
    return cast(TelegramType, await middleware(bot, method))
  File "C:\Users\Asus\PycharmProjects\telegram_shop_bot\.venv\lib\site-packages\aiogram\client\session\aiohttp.py", line 185, in make_request
    response = self.check_response(
  File "C:\Users\Asus\PycharmProjects\telegram_shop_bot\.venv\lib\site-packages\aiogram\client\session\base.py", line 120, in check_response
    raise TelegramBadRequest(method=method, message=description)
aiogram.exceptions.TelegramBadRequest: Telegram server says - Bad Request: wrong file identifier/HTTP URL specified

During handling of the above exception, another exception occurred:

Traceback (most recent call last):
  File "C:\Users\Asus\PycharmProjects\telegram_shop_bot\.venv\lib\site-packages\aiogram\dispatcher\dispatcher.py", line 309, in _process_update
    response = await self.feed_update(bot, update, **kwargs)
  File "C:\Users\Asus\PycharmProjects\telegram_shop_bot\.venv\lib\site-packages\aiogram\dispatcher\dispatcher.py", line 158, in feed_update
    response = await self.update.wrap_outer_middleware(
  File "C:\Users\Asus\PycharmProjects\telegram_shop_bot\.venv\lib\site-packages\aiogram\dispatcher\middlewares\error.py", line 25, in __call__
    return await handler(event, data)
  File "C:\Users\Asus\PycharmProjects\telegram_shop_bot\.venv\lib\site-packages\aiogram\dispatcher\middlewares\user_context.py", line 56, in __call__
    return await handler(event, data)
  File "C:\Users\Asus\PycharmProjects\telegram_shop_bot\.venv\lib\site-packages\aiogram\fsm\middleware.py", line 42, in __call__
    return await handler(event, data)
  File "C:\Users\Asus\PycharmProjects\telegram_shop_bot\.venv\lib\site-packages\aiogram\dispatcher\event\telegram.py", line 121, in trigger
    return await wrapped_inner(event, kwargs)
  File "C:\Users\Asus\PycharmProjects\telegram_shop_bot\.venv\lib\site-packages\aiogram\dispatcher\event\handler.py", line 43, in call
    return await wrapped()
  File "C:\Users\Asus\PycharmProjects\telegram_shop_bot\.venv\lib\site-packages\aiogram\dispatcher\dispatcher.py", line 276, in _listen_update
    return await self.propagate_event(update_type=update_type, event=event, **kwargs)
  File "C:\Users\Asus\PycharmProjects\telegram_shop_bot\.venv\lib\site-packages\aiogram\dispatcher\router.py", line 146, in propagate_event
    return await observer.wrap_outer_middleware(_wrapped, event=event, data=kwargs)
  File "C:\Users\Asus\PycharmProjects\telegram_shop_bot\.venv\lib\site-packages\aiogram\dispatcher\router.py", line 141, in _wrapped
    return await self._propagate_event(
  File "C:\Users\Asus\PycharmProjects\telegram_shop_bot\.venv\lib\site-packages\aiogram\dispatcher\router.py", line 174, in _propagate_event
    response = await router.propagate_event(update_type=update_type, event=event, **kwargs)
  File "C:\Users\Asus\PycharmProjects\telegram_shop_bot\.venv\lib\site-packages\aiogram\dispatcher\router.py", line 146, in propagate_event
    return await observer.wrap_outer_middleware(_wrapped, event=event, data=kwargs)
  File "C:\Users\Asus\PycharmProjects\telegram_shop_bot\.venv\lib\site-packages\aiogram\dispatcher\router.py", line 141, in _wrapped
    return await self._propagate_event(
  File "C:\Users\Asus\PycharmProjects\telegram_shop_bot\.venv\lib\site-packages\aiogram\dispatcher\router.py", line 166, in _propagate_event
    response = await observer.trigger(event, **kwargs)
  File "C:\Users\Asus\PycharmProjects\telegram_shop_bot\.venv\lib\site-packages\aiogram\dispatcher\event\telegram.py", line 121, in trigger
    return await wrapped_inner(event, kwargs)
  File "C:\Users\Asus\Desktop\tg shop\ShopBot\middlewares\admin_check.py", line 122, in __call__
    return await handler(event, data)
  File "C:\Users\Asus\PycharmProjects\telegram_shop_bot\.venv\lib\site-packages\aiogram\dispatcher\event\handler.py", line 43, in call
    return await wrapped()
  File "C:\Users\Asus\Desktop\tg shop\ShopBot\handlers\admin\products.py", line 268, in show_product_detail
    await callback.message.edit_text(
  File "C:\Users\Asus\PycharmProjects\telegram_shop_bot\.venv\lib\site-packages\aiogram\methods\base.py", line 84, in emit
    return await bot(self)
  File "C:\Users\Asus\PycharmProjects\telegram_shop_bot\.venv\lib\site-packages\aiogram\client\bot.py", line 485, in __call__
    return await self.session(self, method, timeout=request_timeout)
  File "C:\Users\Asus\PycharmProjects\telegram_shop_bot\.venv\lib\site-packages\aiogram\client\session\base.py", line 254, in __call__
    return cast(TelegramType, await middleware(bot, method))
  File "C:\Users\Asus\PycharmProjects\telegram_shop_bot\.venv\lib\site-packages\aiogram\client\session\aiohttp.py", line 185, in make_request
    response = self.check_response(
  File "C:\Users\Asus\PycharmProjects\telegram_shop_bot\.venv\lib\site-packages\aiogram\client\session\base.py", line 120, in check_response
    raise TelegramBadRequest(method=method, message=description)
aiogram.exceptions.TelegramBadRequest: Telegram server says - Bad Request: message to edit not found
2025-11-26 10:36:03,452 - aiogram.event - INFO - Update id=291028485 is handled. Duration 204 ms by bot id=8281565704
2025-11-26 10:36:06,350 - aiogram.event - INFO - Update id=291028486 is handled. Duration 265 ms by bot id=8281565704
2025-11-26 10:36:14,411 - aiogram.event - INFO - Update id=291028487 is handled. Duration 217 ms by bot id=8281565704
2025-11-26 10:36:17,807 - aiogram.event - INFO - Update id=291028488 is handled. Duration 203 ms by bot id=8281565704
2025-11-26 10:36:20,479 - aiogram.event - INFO - Update id=291028489 is handled. Duration 218 ms by bot id=8281565704
2025-11-26 10:36:23,530 - aiogram.event - INFO - Update id=291028490 is handled. Duration 202 ms by bot id=8281565704
2025-11-26 10:36:25,809 - database.json_db - INFO - âœ… Tovar qo'shildi: adidas (ID: 3)
2025-11-26 10:36:26,009 - aiogram.event - INFO - Update id=291028491 is handled. Duration 202 ms by bot id=8281565704
2025-11-26 10:36:30,298 - aiogram.event - INFO - Update id=291028492 is handled. Duration 202 ms by bot id=8281565704
2025-11-26 10:36:32,151 - aiogram.event - INFO - Update id=291028493 is handled. Duration 407 ms by bot id=8281565704
2025-11-26 10:36:39,932 - aiogram.event - INFO - Update id=291028494 is handled. Duration 422 ms by bot id=8281565704
2025-11-26 10:36:42,885 - aiogram.event - INFO - Update id=291028495 is handled. Duration 375 ms by bot id=8281565704
2025-11-26 10:36:47,822 - database.json_db - INFO - âœ… Tovar yangilandi: ID 3
2025-11-26 10:36:48,015 - aiogram.event - INFO - Update id=291028496 is handled. Duration 202 ms by bot id=8281565704
2025-11-26 10:36:50,488 - aiogram.event - INFO - Update id=291028497 is handled. Duration 217 ms by bot id=8281565704
2025-11-26 10:36:52,734 - aiogram.event - INFO - Update id=291028498 is handled. Duration 296 ms by bot id=8281565704
2025-11-26 10:36:56,102 - aiogram.event - INFO - Update id=291028499 is handled. Duration 312 ms by bot id=8281565704
2025-11-26 10:36:57,112 - database.json_db - INFO - âœ… Tovar o'chirildi: ID 3
2025-11-26 10:36:57,501 - aiogram.event - INFO - Update id=291028500 is handled. Duration 390 ms by bot id=8281565704
2025-11-26 10:37:11,360 - aiogram.event - INFO - Update id=291028501 is handled. Duration 202 ms by bot id=8281565704
2025-11-26 10:37:12,685 - aiogram.event - INFO - Update id=291028502 is handled. Duration 203 ms by bot id=8281565704
2025-11-26 10:37:14,127 - aiogram.event - INFO - Update id=291028503 is handled. Duration 295 ms by bot id=8281565704
2025-11-26 10:37:22,435 - aiogram.event - INFO - Update id=291028504 is handled. Duration 188 ms by bot id=8281565704
2025-11-26 10:37:26,497 - aiogram.event - INFO - Update id=291028505 is handled. Duration 202 ms by bot id=8281565704
2025-11-26 10:37:28,975 - aiogram.event - INFO - Update id=291028506 is handled. Duration 546 ms by bot id=8281565704
2025-11-26 10:37:30,614 - aiogram.event - INFO - Update id=291028507 is not handled. Duration 186 ms by bot id=8281565704
2025-11-26 10:37:30,614 - aiogram.event - ERROR - Cause exception while process update id=291028507 by bot id=8281565704
TelegramBadRequest: Telegram server says - Bad Request: there is no text in the message to edit
Traceback (most recent call last):
  File "C:\Users\Asus\PycharmProjects\telegram_shop_bot\.venv\lib\site-packages\aiogram\dispatcher\dispatcher.py", line 309, in _process_update
    response = await self.feed_update(bot, update, **kwargs)
  File "C:\Users\Asus\PycharmProjects\telegram_shop_bot\.venv\lib\site-packages\aiogram\dispatcher\dispatcher.py", line 158, in feed_update
    response = await self.update.wrap_outer_middleware(
  File "C:\Users\Asus\PycharmProjects\telegram_shop_bot\.venv\lib\site-packages\aiogram\dispatcher\middlewares\error.py", line 25, in __call__
    return await handler(event, data)
  File "C:\Users\Asus\PycharmProjects\telegram_shop_bot\.venv\lib\site-packages\aiogram\dispatcher\middlewares\user_context.py", line 56, in __call__
    return await handler(event, data)
  File "C:\Users\Asus\PycharmProjects\telegram_shop_bot\.venv\lib\site-packages\aiogram\fsm\middleware.py", line 42, in __call__
    return await handler(event, data)
  File "C:\Users\Asus\PycharmProjects\telegram_shop_bot\.venv\lib\site-packages\aiogram\dispatcher\event\telegram.py", line 121, in trigger
    return await wrapped_inner(event, kwargs)
  File "C:\Users\Asus\PycharmProjects\telegram_shop_bot\.venv\lib\site-packages\aiogram\dispatcher\event\handler.py", line 43, in call
    return await wrapped()
  File "C:\Users\Asus\PycharmProjects\telegram_shop_bot\.venv\lib\site-packages\aiogram\dispatcher\dispatcher.py", line 276, in _listen_update
    return await self.propagate_event(update_type=update_type, event=event, **kwargs)
  File "C:\Users\Asus\PycharmProjects\telegram_shop_bot\.venv\lib\site-packages\aiogram\dispatcher\router.py", line 146, in propagate_event
    return await observer.wrap_outer_middleware(_wrapped, event=event, data=kwargs)
  File "C:\Users\Asus\PycharmProjects\telegram_shop_bot\.venv\lib\site-packages\aiogram\dispatcher\router.py", line 141, in _wrapped
    return await self._propagate_event(
  File "C:\Users\Asus\PycharmProjects\telegram_shop_bot\.venv\lib\site-packages\aiogram\dispatcher\router.py", line 174, in _propagate_event
    response = await router.propagate_event(update_type=update_type, event=event, **kwargs)
  File "C:\Users\Asus\PycharmProjects\telegram_shop_bot\.venv\lib\site-packages\aiogram\dispatcher\router.py", line 146, in propagate_event
    return await observer.wrap_outer_middleware(_wrapped, event=event, data=kwargs)
  File "C:\Users\Asus\PycharmProjects\telegram_shop_bot\.venv\lib\site-packages\aiogram\dispatcher\router.py", line 141, in _wrapped
    return await self._propagate_event(
  File "C:\Users\Asus\PycharmProjects\telegram_shop_bot\.venv\lib\site-packages\aiogram\dispatcher\router.py", line 166, in _propagate_event
    response = await observer.trigger(event, **kwargs)
  File "C:\Users\Asus\PycharmProjects\telegram_shop_bot\.venv\lib\site-packages\aiogram\dispatcher\event\telegram.py", line 121, in trigger
    return await wrapped_inner(event, kwargs)
  File "C:\Users\Asus\Desktop\tg shop\ShopBot\middlewares\admin_check.py", line 122, in __call__
    return await handler(event, data)
  File "C:\Users\Asus\PycharmProjects\telegram_shop_bot\.venv\lib\site-packages\aiogram\dispatcher\event\handler.py", line 43, in call
    return await wrapped()
  File "C:\Users\Asus\Desktop\tg shop\ShopBot\handlers\admin\products.py", line 484, in confirm_delete_product
    await callback.message.edit_text(
  File "C:\Users\Asus\PycharmProjects\telegram_shop_bot\.venv\lib\site-packages\aiogram\methods\base.py", line 84, in emit
    return await bot(self)
  File "C:\Users\Asus\PycharmProjects\telegram_shop_bot\.venv\lib\site-packages\aiogram\client\bot.py", line 485, in __call__
    return await self.session(self, method, timeout=request_timeout)
  File "C:\Users\Asus\PycharmProjects\telegram_shop_bot\.venv\lib\site-packages\aiogram\client\session\base.py", line 254, in __call__
    return cast(TelegramType, await middleware(bot, method))
  File "C:\Users\Asus\PycharmProjects\telegram_shop_bot\.venv\lib\site-packages\aiogram\client\session\aiohttp.py", line 185, in make_request
    response = self.check_response(
  File "C:\Users\Asus\PycharmProjects\telegram_shop_bot\.venv\lib\site-packages\aiogram\client\session\base.py", line 120, in check_response
    raise TelegramBadRequest(method=method, message=description)
aiogram.exceptions.TelegramBadRequest: Telegram server says - Bad Request: there is no text in the message to edit
2025-11-26 10:37:36,531 - aiogram.event - INFO - Update id=291028508 is handled. Duration 202 ms by bot id=8281565704
2025-11-26 10:37:38,259 - aiogram.event - INFO - Update id=291028509 is handled. Duration 327 ms by bot id=8281565704
2025-11-26 10:37:41,572 - aiogram.event - INFO - Update id=291028510 is handled. Duration 219 ms by bot id=8281565704
2025-11-26 10:37:44,224 - aiogram.event - INFO - Update id=291028511 is handled. Duration 202 ms by bot id=8281565704
2025-11-26 10:37:46,367 - aiogram.event - INFO - Update id=291028512 is handled. Duration 217 ms by bot id=8281565704
2025-11-26 10:37:47,920 - aiogram.event - INFO - Update id=291028513 is handled. Duration 202 ms by bot id=8281565704
2025-11-26 10:37:49,927 - database.json_db - INFO - âœ… Tovar qo'shildi: sadd (ID: 3)
2025-11-26 10:37:50,071 - aiogram.event - INFO - Update id=291028514 is handled. Duration 157 ms by bot id=8281565704
2025-11-26 10:37:58,364 - aiogram.event - INFO - Update id=291028515 is handled. Duration 155 ms by bot id=8281565704
2025-11-26 10:37:59,650 - aiogram.event - INFO - Update id=291028516 is handled. Duration 187 ms by bot id=8281565704
2025-11-26 10:38:00,729 - aiogram.event - INFO - Update id=291028517 is handled. Duration 265 ms by bot id=8281565704
2025-11-26 10:38:02,048 - aiogram.event - INFO - Update id=291028518 is handled. Duration 405 ms by bot id=8281565704
2025-11-26 10:38:03,895 - aiogram.event - INFO - Update id=291028519 is handled. Duration 327 ms by bot id=8281565704
2025-11-26 10:38:34,039 - aiogram.dispatcher - INFO - Polling stopped for bot @r9_toq_bot id=8281565704 - 'R9Bot'
2025-11-26 10:38:34,039 - aiogram.dispatcher - INFO - Polling stopped
2025-11-26 10:38:34,039 - __main__ - INFO - Bot to'xtatilmoqda...
2025-11-26 10:38:34,710 - __main__ - ERROR - Adminga xabar yuborishda xatolik: Telegram server says - Bad Request: chat not found
2025-11-26 10:38:34,711 - __main__ - INFO - Bot to'xtatildi
2025-11-26 10:38:34,977 - apscheduler.scheduler - INFO - Scheduler has been shut down
2025-11-26 10:38:34,979 - __main__ - INFO - Bot to'xtatildi (KeyboardInterrupt)
